[19Oct2025 14:23:28.327] [main/INFO] [cpw.mods.modlauncher.Launcher/MODLAUNCHER]: ModLauncher running: args [--launchTarget, neoforgeclientdev, --version, 21.8.31, --assetIndex, 26, --assetsDir, /home/user/.mcreator/gradle/caches/neoformruntime/assets, --fml.fmlVersion, 9.0.16, --fml.mcVersion, 1.21.8, --fml.neoForgeVersion, 21.8.31, --fml.neoFormVersion, 20250717.133445]
[19Oct2025 14:23:28.330] [main/INFO] [cpw.mods.modlauncher.Launcher/MODLAUNCHER]: JVM identified as Oracle Corporation Java HotSpot(TM) 64-Bit Server VM 21.0.8+12-LTS-250
[19Oct2025 14:23:28.331] [main/INFO] [cpw.mods.modlauncher.Launcher/MODLAUNCHER]: ModLauncher 9.0 starting: java version 21.0.8 by Oracle Corporation; OS Linux arch amd64 version 6.12.38+kali-amd64
[19Oct2025 14:23:28.449] [main/INFO] [net.neoforged.fml.loading.ImmediateWindowHandler/]: Loading ImmediateWindowProvider fmlearlywindow
[19Oct2025 14:23:28.878] [main/INFO] [mixin/]: SpongePowered MIXIN Subsystem Version=0.8.7 Source=union:/home/user/.mcreator/gradle/caches/modules-2/files-2.1/net.fabricmc/sponge-mixin/0.15.2+mixin.0.8.7/2af2f021d8e02a0220dc27a7a72b4666d66d44ca/sponge-mixin-0.15.2+mixin.0.8.7.jar%23145!/ Service=ModLauncher Env=CLIENT
[19Oct2025 14:23:28.984] [fml-loadingscreen/INFO] [net.neoforged.fml.earlydisplay.render.LoadingScreenRenderer/]: GL info: AMD Radeon Graphics (radeonsi, renoir, ACO, DRM 3.61, 6.12.38+kali-amd64) GL version 4.6 (Core Profile) Mesa 25.2.3-1, AMD
[19Oct2025 14:23:29.170] [main/INFO] [net.neoforged.fml.loading.moddiscovery.locators.JarInJarDependencyLocator/]: Found 2 dependencies adding them to mods collection
[19Oct2025 14:23:29.171] [main/INFO] [net.neoforged.fml.loading.moddiscovery.ModDiscoverer/]: 
     Mod List:
		Name Version (Mod Id)

		Minecraft 1.21.8 (minecraft)
		NeoForge 21.8.31 (neoforge)
		wildlife 0.0.1 (wildlife)
[19Oct2025 14:23:29.887] [main/INFO] [cpw.mods.modlauncher.LaunchServiceHandler/MODLAUNCHER]: Launching target 'neoforgeclientdev' with arguments [--version, 21.8.31, --assetsDir, /home/user/.mcreator/gradle/caches/neoformruntime/assets, --assetIndex, 26]
[19Oct2025 14:23:31.284] [pool-6-thread-1/INFO] [MixinExtras|Service/]: Initializing MixinExtras via com.llamalad7.mixinextras.service.MixinExtrasServiceImpl(version=0.5.0).
[19Oct2025 14:23:31.348] [Datafixer Bootstrap/INFO] [com.mojang.datafixers.DataFixerBuilder/]: 272 Datafixer optimizations took 363 milliseconds
[19Oct2025 14:23:36.737] [main/WARN] [net.minecraft.commands.Commands/]: Ambiguity between arguments [teleport, location] and [teleport, destination] with inputs: [0.1 -0.5 .9, 0 0 0]
[19Oct2025 14:23:36.739] [main/WARN] [net.minecraft.commands.Commands/]: Ambiguity between arguments [teleport, location] and [teleport, targets] with inputs: [0.1 -0.5 .9, 0 0 0]
[19Oct2025 14:23:36.743] [main/WARN] [net.minecraft.commands.Commands/]: Ambiguity between arguments [teleport, destination] and [teleport, targets] with inputs: [Player, 0123, @e, dd12be42-52a9-4a91-a8a1-11c01849e498]
[19Oct2025 14:23:36.744] [main/WARN] [net.minecraft.commands.Commands/]: Ambiguity between arguments [teleport, targets] and [teleport, destination] with inputs: [Player, 0123, dd12be42-52a9-4a91-a8a1-11c01849e498]
[19Oct2025 14:23:36.745] [main/WARN] [net.minecraft.commands.Commands/]: Ambiguity between arguments [teleport, targets, location] and [teleport, targets, destination] with inputs: [0.1 -0.5 .9, 0 0 0]
[19Oct2025 14:23:36.747] [main/WARN] [net.minecraft.commands.Commands/]: Ambiguity between arguments [waypoint, modify, waypoint, color, reset] and [waypoint, modify, waypoint, color, color] with inputs: [reset]
[19Oct2025 14:23:36.825] [modloading-worker-0/INFO] [net.neoforged.neoforge.common.NeoForgeMod/NEOFORGE-MOD]: NeoForge mod loading, version 21.8.31, for MC 1.21.8
[19Oct2025 14:23:37.357] [Render thread/WARN] [net.minecraft.server.packs.VanillaPackResourcesBuilder/]: Assets URL 'union:/home/user/MCreatorWorkspaces/wildlife-neo/build/moddev/artifacts/neoforge-21.8.31.jar%23200!/assets/.mcassetsroot' uses unexpected schema
[19Oct2025 14:23:37.358] [Render thread/WARN] [net.minecraft.server.packs.VanillaPackResourcesBuilder/]: Assets URL 'union:/home/user/MCreatorWorkspaces/wildlife-neo/build/moddev/artifacts/neoforge-21.8.31.jar%23200!/data/.mcassetsroot' uses unexpected schema
[19Oct2025 14:23:37.387] [Render thread/INFO] [com.mojang.authlib.yggdrasil.YggdrasilAuthenticationService/]: Environment: Environment[sessionHost=https://sessionserver.mojang.com, servicesHost=https://api.minecraftservices.com, name=PROD]
[19Oct2025 14:23:37.397] [Render thread/INFO] [net.minecraft.client.Minecraft/]: Setting user: Dev
[19Oct2025 14:23:37.519] [Render thread/INFO] [net.minecraft.client.Minecraft/]: Backend library: LWJGL version 3.3.3+5
[19Oct2025 14:23:37.628] [Render thread/INFO] [net.minecraft.client.Minecraft/]: Using optional rendering extensions: GL_ARB_buffer_storage, GL_KHR_debug, GL_ARB_vertex_attrib_binding, GL_ARB_direct_state_access
[19Oct2025 14:23:38.484] [Render thread/INFO] [net.minecraft.server.packs.resources.ReloadableResourceManager/]: Reloading ResourceManager: vanilla, mod_resources, mod/neoforge, mod/wildlife
[19Oct2025 14:23:38.547] [resourceLoad/INFO] [net.minecraft.client.gui.font.providers.UnihexProvider/]: Found unifont_pua-16.0.03.hex, loading
[19Oct2025 14:23:38.558] [resourceLoad/INFO] [net.minecraft.client.gui.font.providers.UnihexProvider/]: Found unifont_all_no_pua-16.0.03.hex, loading
[19Oct2025 14:23:38.769] [resourceLoad/INFO] [net.minecraft.client.gui.font.providers.UnihexProvider/]: Found unifont_jp_patch-16.0.03.hex, loading
[19Oct2025 14:23:39.667] [Render thread/INFO] [com.mojang.blaze3d.audio.Library/]: OpenAL initialized on device Family 17h/19h/1ah HD Audio Controller Analog Stereo
[19Oct2025 14:23:39.668] [Render thread/INFO] [net.minecraft.client.sounds.SoundEngine/SOUNDS]: Sound engine started
[19Oct2025 14:23:39.804] [Render thread/INFO] [net.minecraft.client.renderer.texture.TextureAtlas/]: Created: 1024x512x2 minecraft:textures/atlas/blocks.png-atlas
[19Oct2025 14:23:39.835] [Render thread/INFO] [net.minecraft.client.renderer.texture.TextureAtlas/]: Created: 256x256x2 minecraft:textures/atlas/signs.png-atlas
[19Oct2025 14:23:39.836] [Render thread/INFO] [net.minecraft.client.renderer.texture.TextureAtlas/]: Created: 512x512x2 minecraft:textures/atlas/shield_patterns.png-atlas
[19Oct2025 14:23:39.838] [Render thread/INFO] [net.minecraft.client.renderer.texture.TextureAtlas/]: Created: 512x512x2 minecraft:textures/atlas/banner_patterns.png-atlas
[19Oct2025 14:23:39.839] [Render thread/INFO] [net.minecraft.client.renderer.texture.TextureAtlas/]: Created: 2048x1024x2 minecraft:textures/atlas/armor_trims.png-atlas
[19Oct2025 14:23:39.847] [Render thread/INFO] [net.minecraft.client.renderer.texture.TextureAtlas/]: Created: 256x256x2 minecraft:textures/atlas/chest.png-atlas
[19Oct2025 14:23:39.848] [Render thread/INFO] [net.minecraft.client.renderer.texture.TextureAtlas/]: Created: 128x64x2 minecraft:textures/atlas/decorated_pot.png-atlas
[19Oct2025 14:23:39.849] [Render thread/INFO] [net.minecraft.client.renderer.texture.TextureAtlas/]: Created: 512x256x2 minecraft:textures/atlas/beds.png-atlas
[19Oct2025 14:23:39.849] [Render thread/INFO] [net.minecraft.client.renderer.texture.TextureAtlas/]: Created: 512x256x2 minecraft:textures/atlas/shulker_boxes.png-atlas
[19Oct2025 14:23:39.852] [Render thread/INFO] [net.minecraft.client.renderer.texture.TextureAtlas/]: Created: 64x64x0 minecraft:textures/atlas/map_decorations.png-atlas
[19Oct2025 14:23:39.933] [Render thread/INFO] [net.minecraft.client.renderer.texture.TextureAtlas/]: Created: 512x256x0 minecraft:textures/atlas/particles.png-atlas
[19Oct2025 14:23:39.939] [Render thread/INFO] [net.minecraft.client.renderer.texture.TextureAtlas/]: Created: 512x256x0 minecraft:textures/atlas/paintings.png-atlas
[19Oct2025 14:23:39.940] [Render thread/INFO] [net.minecraft.client.renderer.texture.TextureAtlas/]: Created: 1024x512x0 minecraft:textures/atlas/gui.png-atlas
[19Oct2025 14:23:39.955] [Render thread/INFO] [net.neoforged.neoforge.client.entity.animation.json.AnimationLoader/]: Loaded 0 entity animations
[19Oct2025 14:23:44.701] [Render thread/INFO] [net.minecraft.client.renderer.DynamicUniformStorage/]: Resizing Dynamic Transforms UBO, capacity limit of 2 reached during a single frame. New capacity will be 4.
[19Oct2025 14:23:44.719] [Render thread/WARN] [net.minecraft.server.MinecraftServer/]: Missing data pack tests
[19Oct2025 14:23:45.681] [Render thread/INFO] [net.minecraft.world.item.crafting.RecipeManager/]: Loaded 1407 recipes
[19Oct2025 14:23:45.696] [Render thread/INFO] [net.minecraft.advancements.AdvancementTree/]: Loaded 1520 advancements
[19Oct2025 14:23:45.698] [Render thread/INFO] [net.neoforged.neoforge.common.crafting.RecipePriorityManager/]: Loaded 0 recipe priority overrides
[19Oct2025 14:23:49.277] [Server thread/INFO] [net.minecraft.client.server.IntegratedServer/]: Starting integrated minecraft server version 1.21.8
[19Oct2025 14:23:49.277] [Server thread/INFO] [net.minecraft.server.MinecraftServer/]: Generating keypair
[19Oct2025 14:23:52.240] [Server thread/INFO] [net.minecraft.server.MinecraftServer/]: Preparing start region for dimension minecraft:overworld
[19Oct2025 14:23:52.289] [progressListener/INFO] [net.minecraft.server.level.progress.LoggerChunkProgressListener/]: Preparing spawn area: 2%
[19Oct2025 14:23:52.753] [progressListener/INFO] [net.minecraft.server.level.progress.LoggerChunkProgressListener/]: Preparing spawn area: 2%
[19Oct2025 14:23:53.266] [progressListener/INFO] [net.minecraft.server.level.progress.LoggerChunkProgressListener/]: Preparing spawn area: 2%
[19Oct2025 14:23:53.778] [progressListener/INFO] [net.minecraft.server.level.progress.LoggerChunkProgressListener/]: Preparing spawn area: 18%
[19Oct2025 14:23:54.245] [progressListener/INFO] [net.minecraft.server.level.progress.LoggerChunkProgressListener/]: Preparing spawn area: 51%
[19Oct2025 14:23:54.762] [progressListener/INFO] [net.minecraft.server.level.progress.LoggerChunkProgressListener/]: Preparing spawn area: 51%
[19Oct2025 14:23:55.116] [progressListener/INFO] [net.minecraft.server.level.progress.LoggerChunkProgressListener/]: Time elapsed: 2875 ms
[19Oct2025 14:23:55.118] [Server thread/INFO] [net.neoforged.neoforge.server.permission.PermissionAPI/]: Successfully initialized permission handler neoforge:default_handler
[19Oct2025 14:23:55.166] [Server thread/INFO] [net.minecraft.client.server.IntegratedServer/]: Changing view distance to 5, from 10
[19Oct2025 14:23:55.166] [Server thread/INFO] [net.minecraft.client.server.IntegratedServer/]: Changing simulation distance to 12, from 0
[19Oct2025 14:23:55.948] [Server thread/INFO] [net.minecraft.server.players.PlayerList/]: Dev[local:E:cbe981fc] logged in with entity id 1 at (9.5, 75.0, 2.5)
[19Oct2025 14:23:56.015] [Server thread/INFO] [net.minecraft.server.MinecraftServer/]: Dev joined the game
[19Oct2025 14:23:56.270] [Render thread/INFO] [net.minecraft.client.renderer.DynamicUniformStorage/]: Resizing Dynamic Transforms UBO, capacity limit of 4 reached during a single frame. New capacity will be 8.
[19Oct2025 14:23:56.288] [Render thread/INFO] [net.minecraft.advancements.AdvancementTree/]: Loaded 2 advancements
[19Oct2025 14:23:56.594] [Render thread/INFO] [net.minecraft.client.renderer.DynamicUniformStorage/]: Resizing Dynamic Transforms UBO, capacity limit of 8 reached during a single frame. New capacity will be 16.
[19Oct2025 14:23:56.725] [Render thread/INFO] [net.minecraft.client.renderer.DynamicUniformStorage/]: Resizing Dynamic Transforms UBO, capacity limit of 16 reached during a single frame. New capacity will be 32.
[19Oct2025 14:23:56.801] [Render thread/INFO] [net.minecraft.client.renderer.DynamicUniformStorage/]: Resizing Dynamic Transforms UBO, capacity limit of 32 reached during a single frame. New capacity will be 64.
[19Oct2025 14:23:56.962] [Render thread/INFO] [net.minecraft.client.renderer.DynamicUniformStorage/]: Resizing Dynamic Transforms UBO, capacity limit of 64 reached during a single frame. New capacity will be 128.
[19Oct2025 14:23:58.129] [Render thread/INFO] [net.minecraft.client.renderer.DynamicUniformStorage/]: Resizing Dynamic Transforms UBO, capacity limit of 128 reached during a single frame. New capacity will be 256.
[19Oct2025 14:23:59.995] [Render thread/INFO] [net.minecraft.client.renderer.DynamicUniformStorage/]: Resizing Dynamic Transforms UBO, capacity limit of 256 reached during a single frame. New capacity will be 512.
[19Oct2025 14:24:09.698] [Render thread/INFO] [net.minecraft.client.renderer.DynamicUniformStorage/]: Resizing Dynamic Transforms UBO, capacity limit of 512 reached during a single frame. New capacity will be 1024.
[19Oct2025 14:25:48.234] [Render thread/WARN] [net.minecraft.client.sounds.SoundEngine/SOUNDS]: Unable to play empty soundEvent: minecraft:entity.salmon.ambient
[19Oct2025 14:25:52.137] [Render thread/INFO] [net.minecraft.advancements.AdvancementTree/]: Loaded 12 advancements
[19Oct2025 14:26:36.086] [Render thread/WARN] [net.minecraft.client.sounds.SoundEngine/SOUNDS]: Unable to play empty soundEvent: minecraft:entity.tropical_fish.ambient
[19Oct2025 14:26:46.597] [Server thread/INFO] [net.minecraft.server.MinecraftServer/]: [Dev: Applied effect Night Vision to Dev]
[19Oct2025 14:26:46.611] [Render thread/INFO] [net.minecraft.client.gui.components.ChatComponent/]: [System] [CHAT] Applied effect Night Vision to Dev
[19Oct2025 14:27:34.692] [Render thread/INFO] [net.minecraft.advancements.AdvancementTree/]: Loaded 13 advancements
[19Oct2025 14:28:48.039] [Render thread/INFO] [net.minecraft.advancements.AdvancementTree/]: Loaded 15 advancements
[19Oct2025 14:29:04.493] [Server thread/INFO] [net.minecraft.server.MinecraftServer/]: Dev has made the advancement [The Parrots and the Bats]
[19Oct2025 14:29:04.502] [Render thread/INFO] [net.minecraft.client.gui.components.ChatComponent/]: [System] [CHAT] Dev has made the advancement [The Parrots and the Bats]
[19Oct2025 14:29:04.539] [Render thread/INFO] [net.minecraft.advancements.AdvancementTree/]: Loaded 18 advancements
[19Oct2025 14:29:47.415] [Server thread/INFO] [net.minecraft.server.MinecraftServer/]: [Dev: Gave 1 [Netherite Axe] to Dev]
[19Oct2025 14:29:47.423] [Render thread/INFO] [net.minecraft.client.gui.components.ChatComponent/]: [System] [CHAT] Gave 1 [Netherite Axe] to Dev
[19Oct2025 14:29:47.435] [Render thread/INFO] [net.minecraft.advancements.AdvancementTree/]: Loaded 19 advancements
[19Oct2025 14:29:58.391] [Render thread/INFO] [net.minecraft.advancements.AdvancementTree/]: Loaded 57 advancements
[19Oct2025 14:30:13.054] [Server thread/INFO] [net.minecraft.server.MinecraftServer/]: Dev has made the advancement [Monster Hunter]
[19Oct2025 14:30:13.059] [Render thread/INFO] [net.minecraft.client.gui.components.ChatComponent/]: [System] [CHAT] Dev has made the advancement [Monster Hunter]
[19Oct2025 14:30:13.082] [Render thread/INFO] [net.minecraft.advancements.AdvancementTree/]: Loaded 60 advancements
[19Oct2025 14:31:28.082] [Render thread/INFO] [net.minecraft.advancements.AdvancementTree/]: Loaded 60 advancements
[19Oct2025 14:34:30.037] [Render thread/INFO] [net.minecraft.advancements.AdvancementTree/]: Loaded 61 advancements
[19Oct2025 14:34:42.003] [Server thread/INFO] [net.minecraft.server.MinecraftServer/]: Dev has made the advancement [Best Friends Forever]
[19Oct2025 14:34:42.009] [Render thread/INFO] [net.minecraft.client.gui.components.ChatComponent/]: [System] [CHAT] Dev has made the advancement [Best Friends Forever]
[19Oct2025 14:34:42.034] [Render thread/INFO] [net.minecraft.advancements.AdvancementTree/]: Loaded 66 advancements
[19Oct2025 14:35:23.886] [Render thread/INFO] [net.minecraft.client.gui.components.ChatComponent/]: [System] [CHAT] Wolf burned to death
[19Oct2025 14:35:28.237] [Render thread/INFO] [net.minecraft.client.gui.components.ChatComponent/]: [System] [CHAT] Wolf tried to swim in lava
[19Oct2025 14:35:47.290] [Render thread/INFO] [net.minecraft.advancements.AdvancementTree/]: Loaded 68 advancements
[19Oct2025 14:36:44.330] [Server thread/INFO] [net.minecraft.server.MinecraftServer/]: [Dev: Set own game mode to Spectator Mode]
[19Oct2025 14:36:44.334] [Render thread/INFO] [net.minecraft.client.gui.components.ChatComponent/]: [System] [CHAT] Set own game mode to Spectator Mode
[19Oct2025 14:36:54.839] [Server thread/INFO] [net.minecraft.server.MinecraftServer/]: [Dev: Set own game mode to Creative Mode]
[19Oct2025 14:36:54.850] [Render thread/INFO] [net.minecraft.client.gui.components.ChatComponent/]: [System] [CHAT] Set own game mode to Creative Mode
[19Oct2025 14:37:09.505] [Render thread/WARN] [net.minecraft.client.sounds.SoundEngine/SOUNDS]: Unable to play empty soundEvent: minecraft:entity.snow_golem.ambient
[19Oct2025 14:38:19.931] [Render thread/INFO] [net.minecraft.advancements.AdvancementTree/]: Loaded 70 advancements
[19Oct2025 14:38:23.471] [Server thread/INFO] [net.minecraft.client.server.IntegratedServer/]: Saving and pausing game...
[19Oct2025 14:38:23.477] [Server thread/INFO] [net.minecraft.server.MinecraftServer/]: Saving chunks for level 'ServerLevel[New World]'/minecraft:overworld
[19Oct2025 14:38:23.496] [Server thread/INFO] [net.minecraft.server.MinecraftServer/]: Saving chunks for level 'ServerLevel[New World]'/minecraft:the_nether
[19Oct2025 14:38:23.497] [Server thread/INFO] [net.minecraft.server.MinecraftServer/]: Saving chunks for level 'ServerLevel[New World]'/minecraft:the_end
[19Oct2025 14:38:56.487] [Render thread/INFO] [net.minecraft.client.gui.components.ChatComponent/]: [System] [CHAT] [Debug]: Hitboxes: shown
[19Oct2025 14:40:04.480] [Render thread/INFO] [net.minecraft.advancements.AdvancementTree/]: Loaded 70 advancements
[19Oct2025 14:41:15.581] [Render thread/INFO] [net.minecraft.advancements.AdvancementTree/]: Loaded 71 advancements
[19Oct2025 14:41:38.780] [Render thread/INFO] [net.minecraft.advancements.AdvancementTree/]: Loaded 71 advancements
[19Oct2025 14:43:32.132] [Render thread/INFO] [net.minecraft.advancements.AdvancementTree/]: Loaded 84 advancements
[19Oct2025 14:44:58.030] [Render thread/INFO] [net.minecraft.advancements.AdvancementTree/]: Loaded 87 advancements
[19Oct2025 14:45:02.428] [Render thread/INFO] [net.minecraft.advancements.AdvancementTree/]: Loaded 87 advancements
[19Oct2025 14:47:43.937] [Render thread/INFO] [net.minecraft.client.Minecraft/]: Stopping!
[19Oct2025 14:47:43.976] [Server thread/INFO] [net.minecraft.server.network.ServerGamePacketListenerImpl/]: Dev lost connection: Disconnected
[19Oct2025 14:47:43.976] [Server thread/INFO] [net.minecraft.server.MinecraftServer/]: Dev left the game
[19Oct2025 14:47:43.984] [Server thread/INFO] [net.minecraft.server.network.ServerCommonPacketListenerImpl/]: Stopping singleplayer server as player logged out
[19Oct2025 14:47:44.021] [Server thread/INFO] [net.minecraft.server.MinecraftServer/]: Stopping server
[19Oct2025 14:47:44.022] [Server thread/INFO] [net.minecraft.server.MinecraftServer/]: Saving players
[19Oct2025 14:47:44.022] [Server thread/INFO] [net.minecraft.server.MinecraftServer/]: Saving worlds
[19Oct2025 14:47:45.661] [Server thread/INFO] [net.minecraft.server.MinecraftServer/]: Saving chunks for level 'ServerLevel[New World]'/minecraft:overworld
[19Oct2025 14:47:45.730] [Server thread/INFO] [net.minecraft.server.MinecraftServer/]: Saving chunks for level 'ServerLevel[New World]'/minecraft:the_nether
[19Oct2025 14:47:45.733] [Server thread/INFO] [net.minecraft.server.MinecraftServer/]: Saving chunks for level 'ServerLevel[New World]'/minecraft:the_end
[19Oct2025 14:47:45.741] [Server thread/INFO] [net.minecraft.server.MinecraftServer/]: ThreadedAnvilChunkStorage (New World (1)): All chunks are saved
[19Oct2025 14:47:45.742] [Server thread/INFO] [net.minecraft.server.MinecraftServer/]: ThreadedAnvilChunkStorage (DIM-1): All chunks are saved
[19Oct2025 14:47:45.742] [Server thread/INFO] [net.minecraft.server.MinecraftServer/]: ThreadedAnvilChunkStorage (DIM1): All chunks are saved
[19Oct2025 14:47:45.742] [Server thread/INFO] [net.minecraft.server.MinecraftServer/]: ThreadedAnvilChunkStorage: All dimensions are saved
